Arguments: 
  /usr/bin/node /usr/bin/yarn

PATH: 
  /home/archer/.yarn/bin:/usr/local/bin:/usr/bin:/bin:/usr/local/sbin:/usr/lib/jvm/default/bin:/usr/bin/site_perl:/usr/bin/vendor_perl:/usr/bin/core_perl:/var/lib/snapd/snap/bin

Yarn version: 
  1.22.15

Node version: 
  14.17.4

Platform: 
  linux x64

Trace: 
  Error: getaddrinfo EAI_AGAIN registry.yarnpkg.com
      at GetAddrInfoReqWrap.onlookup [as oncomplete] (dns.js:69:26)

npm manifest: 
  {
    "name": "ui-library-components",
    "version": "0.1.0",
    "scripts": {
      "dev": "vite",
      "build": "vite build",
      "serve": "vite preview",
      "storybook": "start-storybook -p 6006",
      "build-storybook": "build-storybook"
    },
    "dependencies": {
      "@tailwindcss/aspect-ratio": "^0.2.1",
      "axios": "^0.21.4",
      "phosphor-vue": "^4.3.1",
      "vue": "^3.2.16"
    },
    "devDependencies": {
      "@babel/core": "^7.15.8",
      "@storybook/addon-actions": "^6.3.12",
      "@storybook/addon-essentials": "^6.3.12",
      "@storybook/addon-links": "^6.3.12",
      "@storybook/addon-viewport": "^6.3.12",
      "@storybook/addons": "^6.3.12",
      "@storybook/theming": "^6.3.12",
      "@storybook/vue3": "^6.3.12",
      "@vitejs/plugin-vue": "^1.9.3",
      "autoprefixer": "^10.3.7",
      "babel-loader": "^8.2.2",
      "postcss": "^8.3.9",
      "storybook-builder-vite": "^0.1.2",
      "tailwindcss": "^2.2.17",
      "vite": "^2.6.4",
      "vue-loader": "^16.8.1"
    }
  }

yarn manifest: 
  No manifest

Lockfile: 
  No lockfile
